2025-09-28 13:41:40,688 [INFO] Initializing models...
2025-09-28 13:41:42,732 [INFO] Models initialized.
2025-09-28 13:41:42,735 [INFO] Starting pipeline on source: record_20250620_190324.mp4
2025-09-28 13:41:42,742 [INFO] Loaded 0 embeddings from DB.
2025-09-28 13:41:47,272 [INFO] Registered new face 126f4614eca947efb1ca2c0208205099
2025-09-28 13:41:47,279 [INFO] Face 126f4614eca947efb1ca2c0208205099 entry event saved at logs\entries\2025-09-28\134147_12a8c8d2.jpg
2025-09-28 13:41:47,852 [INFO] Registered new face 2ec10ac8019a4d5ba95d79935ee32e9b
2025-09-28 13:41:47,861 [INFO] Face 2ec10ac8019a4d5ba95d79935ee32e9b entry event saved at logs\entries\2025-09-28\134147_cfb00538.jpg
2025-09-28 13:41:48,708 [INFO] Recognized face 126f4614eca947efb1ca2c0208205099 (sim=0.847)
2025-09-28 13:41:49,300 [INFO] Recognized face 2ec10ac8019a4d5ba95d79935ee32e9b (sim=0.745)
2025-09-28 13:41:50,195 [INFO] Recognized face 126f4614eca947efb1ca2c0208205099 (sim=0.868)
2025-09-28 13:41:50,756 [INFO] Recognized face 2ec10ac8019a4d5ba95d79935ee32e9b (sim=0.717)
2025-09-28 13:41:51,622 [INFO] Recognized face 126f4614eca947efb1ca2c0208205099 (sim=0.854)
2025-09-28 13:41:52,290 [INFO] Recognized face 2ec10ac8019a4d5ba95d79935ee32e9b (sim=0.778)
2025-09-28 13:41:53,207 [INFO] Recognized face 2ec10ac8019a4d5ba95d79935ee32e9b (sim=0.808)
2025-09-28 13:41:53,768 [INFO] Recognized face 126f4614eca947efb1ca2c0208205099 (sim=0.909)
2025-09-28 13:41:54,685 [INFO] Recognized face 126f4614eca947efb1ca2c0208205099 (sim=0.937)
2025-09-28 13:41:55,694 [INFO] Recognized face 126f4614eca947efb1ca2c0208205099 (sim=0.949)
2025-09-28 13:41:56,706 [INFO] Recognized face 126f4614eca947efb1ca2c0208205099 (sim=0.913)
2025-09-28 13:41:57,234 [INFO] Recognized face 2ec10ac8019a4d5ba95d79935ee32e9b (sim=0.756)
2025-09-28 13:41:57,961 [INFO] Recognized face 126f4614eca947efb1ca2c0208205099 (sim=0.830)
2025-09-28 13:41:58,979 [INFO] Recognized face 126f4614eca947efb1ca2c0208205099 (sim=0.833)
2025-09-28 13:41:59,633 [INFO] Recognized face 2ec10ac8019a4d5ba95d79935ee32e9b (sim=0.736)
2025-09-28 13:42:00,563 [INFO] Recognized face 126f4614eca947efb1ca2c0208205099 (sim=0.832)
2025-09-28 13:42:01,445 [INFO] Recognized face 126f4614eca947efb1ca2c0208205099 (sim=0.846)
2025-09-28 13:42:02,331 [INFO] Recognized face 126f4614eca947efb1ca2c0208205099 (sim=0.894)
2025-09-28 13:42:03,139 [INFO] Recognized face 126f4614eca947efb1ca2c0208205099 (sim=0.874)
2025-09-28 13:42:04,019 [INFO] Recognized face 126f4614eca947efb1ca2c0208205099 (sim=0.878)
2025-09-28 13:42:04,115 [INFO] Face 2ec10ac8019a4d5ba95d79935ee32e9b EXIT at frame 43
2025-09-28 13:42:04,122 [INFO] Exit event for 2ec10ac8019a4d5ba95d79935ee32e9b saved (img: logs\exits\2025-09-28\134204_ea5cfdec.jpg)
2025-09-28 13:42:04,855 [INFO] Recognized face 126f4614eca947efb1ca2c0208205099 (sim=0.894)
2025-09-28 13:42:05,685 [INFO] Recognized face 126f4614eca947efb1ca2c0208205099 (sim=0.885)
2025-09-28 13:42:06,496 [INFO] Recognized face 126f4614eca947efb1ca2c0208205099 (sim=0.845)
2025-09-28 13:42:07,320 [INFO] Recognized face 126f4614eca947efb1ca2c0208205099 (sim=0.727)
2025-09-28 13:42:08,119 [INFO] Recognized face 126f4614eca947efb1ca2c0208205099 (sim=0.832)
2025-09-28 13:42:08,877 [INFO] Recognized face 126f4614eca947efb1ca2c0208205099 (sim=0.879)
2025-09-28 13:42:10,625 [INFO] Face 126f4614eca947efb1ca2c0208205099 EXIT at frame 76
2025-09-28 13:42:10,631 [INFO] Exit event for 126f4614eca947efb1ca2c0208205099 saved (img: logs\exits\2025-09-28\134210_4dde7ec8.jpg)
2025-09-28 13:42:26,473 [INFO] Registered new face 4c5d74311ea94bd3977d182ba76ed103
2025-09-28 13:42:26,478 [INFO] Face 4c5d74311ea94bd3977d182ba76ed103 entry event saved at logs\entries\2025-09-28\134226_08601ec7.jpg
2025-09-28 13:42:27,320 [INFO] Recognized face 4c5d74311ea94bd3977d182ba76ed103 (sim=0.886)
2025-09-28 13:42:28,579 [INFO] Recognized face 4c5d74311ea94bd3977d182ba76ed103 (sim=0.437)
2025-09-28 13:42:29,881 [INFO] Recognized face 4c5d74311ea94bd3977d182ba76ed103 (sim=0.438)
2025-09-28 13:42:30,728 [INFO] Recognized face 4c5d74311ea94bd3977d182ba76ed103 (sim=0.737)
2025-09-28 13:42:31,781 [INFO] Recognized face 4c5d74311ea94bd3977d182ba76ed103 (sim=0.703)
2025-09-28 13:42:32,591 [INFO] Recognized face 4c5d74311ea94bd3977d182ba76ed103 (sim=0.643)
2025-09-28 13:42:33,615 [INFO] Recognized face 4c5d74311ea94bd3977d182ba76ed103 (sim=0.491)
2025-09-28 13:42:34,731 [INFO] Recognized face 4c5d74311ea94bd3977d182ba76ed103 (sim=0.627)
2025-09-28 13:42:35,742 [INFO] Recognized face 4c5d74311ea94bd3977d182ba76ed103 (sim=0.759)
2025-09-28 13:42:36,249 [INFO] Recognized face 4c5d74311ea94bd3977d182ba76ed103 (sim=0.993)
2025-09-28 13:42:37,122 [INFO] Recognized face 4c5d74311ea94bd3977d182ba76ed103 (sim=0.780)
2025-09-28 13:42:37,880 [INFO] Recognized face 4c5d74311ea94bd3977d182ba76ed103 (sim=0.564)
2025-09-28 13:42:38,462 [INFO] Registered new face 3ea449ade14c4d58a1592b7aaed88ace
2025-09-28 13:42:38,468 [INFO] Face 3ea449ade14c4d58a1592b7aaed88ace entry event saved at logs\entries\2025-09-28\134238_5a2e0c7d.jpg
2025-09-28 13:42:39,267 [INFO] Recognized face 4c5d74311ea94bd3977d182ba76ed103 (sim=0.778)
2025-09-28 13:42:39,805 [INFO] Recognized face 3ea449ade14c4d58a1592b7aaed88ace (sim=0.738)
2025-09-28 13:42:40,603 [INFO] Recognized face 3ea449ade14c4d58a1592b7aaed88ace (sim=0.827)
2025-09-28 13:42:41,146 [INFO] Recognized face 4c5d74311ea94bd3977d182ba76ed103 (sim=0.721)
2025-09-28 13:42:41,955 [INFO] Recognized face 3ea449ade14c4d58a1592b7aaed88ace (sim=0.854)
2025-09-28 13:42:42,478 [INFO] Recognized face 4c5d74311ea94bd3977d182ba76ed103 (sim=0.594)
2025-09-28 13:42:43,257 [INFO] Recognized face 3ea449ade14c4d58a1592b7aaed88ace (sim=0.821)
2025-09-28 13:42:43,762 [INFO] Recognized face 4c5d74311ea94bd3977d182ba76ed103 (sim=0.593)
2025-09-28 13:42:44,548 [INFO] Recognized face 4c5d74311ea94bd3977d182ba76ed103 (sim=0.687)
2025-09-28 13:42:45,049 [INFO] Recognized face 3ea449ade14c4d58a1592b7aaed88ace (sim=0.792)
2025-09-28 13:42:45,804 [INFO] Recognized face 4c5d74311ea94bd3977d182ba76ed103 (sim=0.595)
2025-09-28 13:42:46,288 [INFO] Recognized face 3ea449ade14c4d58a1592b7aaed88ace (sim=0.836)
2025-09-28 13:42:47,006 [INFO] Recognized face 4c5d74311ea94bd3977d182ba76ed103 (sim=0.701)
2025-09-28 13:42:47,487 [INFO] Recognized face 3ea449ade14c4d58a1592b7aaed88ace (sim=0.828)
2025-09-28 13:42:48,253 [INFO] Recognized face 3ea449ade14c4d58a1592b7aaed88ace (sim=0.871)
2025-09-28 13:42:48,727 [INFO] Recognized face 4c5d74311ea94bd3977d182ba76ed103 (sim=0.731)
2025-09-28 13:42:49,589 [INFO] Recognized face 4c5d74311ea94bd3977d182ba76ed103 (sim=0.880)
2025-09-28 13:42:50,285 [INFO] Recognized face 4c5d74311ea94bd3977d182ba76ed103 (sim=0.644)
2025-09-28 13:42:50,797 [INFO] Recognized face 3ea449ade14c4d58a1592b7aaed88ace (sim=0.801)
2025-09-28 13:42:51,560 [INFO] Recognized face 4c5d74311ea94bd3977d182ba76ed103 (sim=0.792)
2025-09-28 13:42:52,053 [INFO] Recognized face 3ea449ade14c4d58a1592b7aaed88ace (sim=0.825)
2025-09-28 13:42:52,902 [INFO] Recognized face 4c5d74311ea94bd3977d182ba76ed103 (sim=0.780)
2025-09-28 13:42:53,497 [INFO] Recognized face 3ea449ade14c4d58a1592b7aaed88ace (sim=0.845)
2025-09-28 13:42:54,368 [INFO] Recognized face 4c5d74311ea94bd3977d182ba76ed103 (sim=0.694)
2025-09-28 13:42:54,915 [INFO] Recognized face 3ea449ade14c4d58a1592b7aaed88ace (sim=0.741)
2025-09-28 13:42:55,740 [INFO] Recognized face 3ea449ade14c4d58a1592b7aaed88ace (sim=0.875)
2025-09-28 13:42:56,335 [INFO] Recognized face 4c5d74311ea94bd3977d182ba76ed103 (sim=0.615)
2025-09-28 13:42:57,189 [INFO] Recognized face 3ea449ade14c4d58a1592b7aaed88ace (sim=0.869)
2025-09-28 13:42:57,826 [INFO] Recognized face 4c5d74311ea94bd3977d182ba76ed103 (sim=0.661)
2025-09-28 13:42:59,374 [INFO] Recognized face 3ea449ade14c4d58a1592b7aaed88ace (sim=0.864)
2025-09-28 13:43:00,391 [INFO] Recognized face 4c5d74311ea94bd3977d182ba76ed103 (sim=0.842)
2025-09-28 13:43:01,858 [INFO] Recognized face 4c5d74311ea94bd3977d182ba76ed103 (sim=0.818)
2025-09-28 13:43:02,877 [INFO] Recognized face 3ea449ade14c4d58a1592b7aaed88ace (sim=0.865)
2025-09-28 13:43:04,367 [INFO] Recognized face 3ea449ade14c4d58a1592b7aaed88ace (sim=0.872)
2025-09-28 13:43:05,405 [INFO] Recognized face 4c5d74311ea94bd3977d182ba76ed103 (sim=0.799)
2025-09-28 13:43:06,233 [INFO] Recognized face 4c5d74311ea94bd3977d182ba76ed103 (sim=0.730)
2025-09-28 13:43:06,983 [INFO] Recognized face 3ea449ade14c4d58a1592b7aaed88ace (sim=0.820)
2025-09-28 13:43:08,423 [INFO] Recognized face 4c5d74311ea94bd3977d182ba76ed103 (sim=0.684)
2025-09-28 13:43:09,658 [INFO] Recognized face 3ea449ade14c4d58a1592b7aaed88ace (sim=0.824)
2025-09-28 13:43:11,214 [INFO] Recognized face 4c5d74311ea94bd3977d182ba76ed103 (sim=0.576)
2025-09-28 13:43:12,291 [INFO] Recognized face 3ea449ade14c4d58a1592b7aaed88ace (sim=0.802)
2025-09-28 13:43:13,856 [INFO] Recognized face 4c5d74311ea94bd3977d182ba76ed103 (sim=0.701)
2025-09-28 13:43:14,741 [INFO] Recognized face 3ea449ade14c4d58a1592b7aaed88ace (sim=0.832)
2025-09-28 13:43:15,658 [INFO] Recognized face 4c5d74311ea94bd3977d182ba76ed103 (sim=0.852)
2025-09-28 13:43:16,193 [INFO] Recognized face 3ea449ade14c4d58a1592b7aaed88ace (sim=0.759)
2025-09-28 13:43:16,992 [INFO] Recognized face 4c5d74311ea94bd3977d182ba76ed103 (sim=0.791)
2025-09-28 13:43:17,512 [INFO] Recognized face 3ea449ade14c4d58a1592b7aaed88ace (sim=0.765)
2025-09-28 13:43:18,998 [INFO] Recognized face 4c5d74311ea94bd3977d182ba76ed103 (sim=0.756)
2025-09-28 13:43:20,060 [INFO] Recognized face 3ea449ade14c4d58a1592b7aaed88ace (sim=0.623)
2025-09-28 13:43:21,581 [INFO] Recognized face 4c5d74311ea94bd3977d182ba76ed103 (sim=0.723)
2025-09-28 13:43:23,462 [INFO] Recognized face 3ea449ade14c4d58a1592b7aaed88ace (sim=0.628)
2025-09-28 13:43:24,625 [INFO] Recognized face 4c5d74311ea94bd3977d182ba76ed103 (sim=0.754)
2025-09-28 13:43:26,114 [INFO] Recognized face 4c5d74311ea94bd3977d182ba76ed103 (sim=0.679)
2025-09-28 13:43:27,150 [INFO] Recognized face 3ea449ade14c4d58a1592b7aaed88ace (sim=0.836)
2025-09-28 13:43:28,631 [INFO] Recognized face 3ea449ade14c4d58a1592b7aaed88ace (sim=0.746)
2025-09-28 13:43:30,460 [INFO] Recognized face 4c5d74311ea94bd3977d182ba76ed103 (sim=0.658)
2025-09-28 13:43:31,532 [INFO] Recognized face 3ea449ade14c4d58a1592b7aaed88ace (sim=0.768)
2025-09-28 13:43:33,007 [INFO] Recognized face 4c5d74311ea94bd3977d182ba76ed103 (sim=0.830)
2025-09-28 13:43:34,035 [INFO] Recognized face 3ea449ade14c4d58a1592b7aaed88ace (sim=0.701)
2025-09-28 13:43:35,521 [INFO] Recognized face 3ea449ade14c4d58a1592b7aaed88ace (sim=0.868)
2025-09-28 13:43:36,537 [INFO] Recognized face 4c5d74311ea94bd3977d182ba76ed103 (sim=0.850)
2025-09-28 13:43:38,039 [INFO] Recognized face 3ea449ade14c4d58a1592b7aaed88ace (sim=0.863)
2025-09-28 13:43:39,059 [INFO] Recognized face 4c5d74311ea94bd3977d182ba76ed103 (sim=0.717)
2025-09-28 13:43:40,555 [INFO] Recognized face 4c5d74311ea94bd3977d182ba76ed103 (sim=0.856)
2025-09-28 13:43:41,570 [INFO] Recognized face 3ea449ade14c4d58a1592b7aaed88ace (sim=0.872)
2025-09-28 13:43:43,150 [INFO] Recognized face 3ea449ade14c4d58a1592b7aaed88ace (sim=0.871)
2025-09-28 13:43:44,221 [INFO] Recognized face 4c5d74311ea94bd3977d182ba76ed103 (sim=0.865)
2025-09-28 13:43:45,700 [INFO] Recognized face 4c5d74311ea94bd3977d182ba76ed103 (sim=0.879)
2025-09-28 13:43:46,700 [INFO] Recognized face 3ea449ade14c4d58a1592b7aaed88ace (sim=0.842)
2025-09-28 13:43:48,205 [INFO] Recognized face 3ea449ade14c4d58a1592b7aaed88ace (sim=0.860)
2025-09-28 13:43:49,253 [INFO] Recognized face 4c5d74311ea94bd3977d182ba76ed103 (sim=0.809)
2025-09-28 13:43:50,709 [INFO] Recognized face 4c5d74311ea94bd3977d182ba76ed103 (sim=0.887)
2025-09-28 13:43:51,798 [INFO] Recognized face 3ea449ade14c4d58a1592b7aaed88ace (sim=0.870)
2025-09-28 13:43:53,346 [INFO] Recognized face 4c5d74311ea94bd3977d182ba76ed103 (sim=0.842)
2025-09-28 13:43:54,347 [INFO] Recognized face 3ea449ade14c4d58a1592b7aaed88ace (sim=0.879)
2025-09-28 13:43:55,846 [INFO] Recognized face 4c5d74311ea94bd3977d182ba76ed103 (sim=0.821)
2025-09-28 13:43:56,900 [INFO] Recognized face 3ea449ade14c4d58a1592b7aaed88ace (sim=0.856)
2025-09-28 13:43:57,999 [INFO] Recognized face 3ea449ade14c4d58a1592b7aaed88ace (sim=0.885)
2025-09-28 13:43:58,906 [INFO] Recognized face 4c5d74311ea94bd3977d182ba76ed103 (sim=0.813)
2025-09-28 13:44:00,129 [INFO] Recognized face 4c5d74311ea94bd3977d182ba76ed103 (sim=0.861)
2025-09-28 13:44:00,818 [INFO] Recognized face 3ea449ade14c4d58a1592b7aaed88ace (sim=0.913)
2025-09-28 13:44:02,108 [INFO] Recognized face 4c5d74311ea94bd3977d182ba76ed103 (sim=0.824)
2025-09-28 13:44:02,611 [INFO] Recognized face 3ea449ade14c4d58a1592b7aaed88ace (sim=0.886)
2025-09-28 13:44:03,455 [INFO] Recognized face 4c5d74311ea94bd3977d182ba76ed103 (sim=0.876)
2025-09-28 13:44:03,973 [INFO] Recognized face 3ea449ade14c4d58a1592b7aaed88ace (sim=0.882)
2025-09-28 13:44:04,707 [INFO] Recognized face 4c5d74311ea94bd3977d182ba76ed103 (sim=0.894)
2025-09-28 13:44:05,196 [INFO] Recognized face 3ea449ade14c4d58a1592b7aaed88ace (sim=0.902)
2025-09-28 13:44:05,986 [INFO] Recognized face 4c5d74311ea94bd3977d182ba76ed103 (sim=0.789)
2025-09-28 13:44:06,500 [INFO] Recognized face 3ea449ade14c4d58a1592b7aaed88ace (sim=0.800)
2025-09-28 13:44:07,208 [INFO] Recognized face 4c5d74311ea94bd3977d182ba76ed103 (sim=0.777)
2025-09-28 13:44:07,697 [INFO] Recognized face 3ea449ade14c4d58a1592b7aaed88ace (sim=0.898)
2025-09-28 13:44:08,470 [INFO] Recognized face 3ea449ade14c4d58a1592b7aaed88ace (sim=0.900)
2025-09-28 13:44:09,452 [INFO] Recognized face 3ea449ade14c4d58a1592b7aaed88ace (sim=0.876)
2025-09-28 13:44:10,172 [INFO] Recognized face 3ea449ade14c4d58a1592b7aaed88ace (sim=0.858)
2025-09-28 13:44:10,937 [INFO] Recognized face 3ea449ade14c4d58a1592b7aaed88ace (sim=0.868)
2025-09-28 13:44:11,651 [INFO] Recognized face 3ea449ade14c4d58a1592b7aaed88ace (sim=0.877)
2025-09-28 13:44:11,708 [INFO] Face 4c5d74311ea94bd3977d182ba76ed103 EXIT at frame 373
2025-09-28 13:44:11,713 [INFO] Exit event for 4c5d74311ea94bd3977d182ba76ed103 saved (img: logs\exits\2025-09-28\134411_c2a7d72a.jpg)
2025-09-28 13:44:12,444 [INFO] Recognized face 3ea449ade14c4d58a1592b7aaed88ace (sim=0.801)
2025-09-28 13:44:13,811 [INFO] Face 3ea449ade14c4d58a1592b7aaed88ace EXIT at frame 391
2025-09-28 13:44:13,819 [INFO] Exit event for 3ea449ade14c4d58a1592b7aaed88ace saved (img: logs\exits\2025-09-28\134413_fbf358dd.jpg)
2025-09-28 13:44:17,345 [INFO] Quitting by user request.
2025-09-28 13:44:37,691 [INFO] Initializing models...
2025-09-28 13:44:39,864 [INFO] Models initialized.
2025-09-28 13:44:39,866 [INFO] Starting pipeline on source: 0
2025-09-28 13:44:41,799 [INFO] Loaded 139 embeddings from DB.
2025-09-28 13:44:46,345 [INFO] Registered new face a1fb8a144bda4ea0b1109cf6d88e38d3
2025-09-28 13:44:46,352 [INFO] Face a1fb8a144bda4ea0b1109cf6d88e38d3 entry event saved at logs\entries\2025-09-28\134446_61dd37cf.jpg
2025-09-28 13:44:47,264 [INFO] Recognized face a1fb8a144bda4ea0b1109cf6d88e38d3 (sim=0.899)
2025-09-28 13:44:48,074 [INFO] Recognized face a1fb8a144bda4ea0b1109cf6d88e38d3 (sim=0.936)
2025-09-28 13:44:48,804 [INFO] Recognized face a1fb8a144bda4ea0b1109cf6d88e38d3 (sim=0.914)
2025-09-28 13:44:49,499 [INFO] Recognized face a1fb8a144bda4ea0b1109cf6d88e38d3 (sim=0.875)
2025-09-28 13:44:50,233 [INFO] Recognized face a1fb8a144bda4ea0b1109cf6d88e38d3 (sim=0.907)
2025-09-28 13:44:50,941 [INFO] Recognized face a1fb8a144bda4ea0b1109cf6d88e38d3 (sim=0.926)
2025-09-28 13:44:51,647 [INFO] Recognized face a1fb8a144bda4ea0b1109cf6d88e38d3 (sim=0.914)
2025-09-28 13:44:52,349 [INFO] Recognized face a1fb8a144bda4ea0b1109cf6d88e38d3 (sim=0.869)
2025-09-28 13:44:53,079 [INFO] Recognized face a1fb8a144bda4ea0b1109cf6d88e38d3 (sim=0.896)
2025-09-28 13:44:53,741 [INFO] Recognized face a1fb8a144bda4ea0b1109cf6d88e38d3 (sim=0.904)
2025-09-28 13:44:54,460 [INFO] Recognized face a1fb8a144bda4ea0b1109cf6d88e38d3 (sim=0.922)
2025-09-28 13:44:55,839 [INFO] Registered new face 633d64012e86459eb87e3a543db74e45
2025-09-28 13:44:55,848 [INFO] Face 633d64012e86459eb87e3a543db74e45 entry event saved at logs\entries\2025-09-28\134455_46a5f967.jpg
2025-09-28 13:44:56,558 [INFO] Recognized face 633d64012e86459eb87e3a543db74e45 (sim=0.955)
2025-09-28 13:44:57,291 [INFO] Recognized face 633d64012e86459eb87e3a543db74e45 (sim=0.968)
2025-09-28 13:44:57,310 [INFO] Face a1fb8a144bda4ea0b1109cf6d88e38d3 EXIT at frame 49
2025-09-28 13:44:57,315 [INFO] Exit event for a1fb8a144bda4ea0b1109cf6d88e38d3 saved (img: logs\exits\2025-09-28\134457_b973f082.jpg)
2025-09-28 13:44:58,050 [INFO] Recognized face 633d64012e86459eb87e3a543db74e45 (sim=0.963)
2025-09-28 13:44:58,773 [INFO] Recognized face 633d64012e86459eb87e3a543db74e45 (sim=0.966)
2025-09-28 13:44:59,438 [INFO] Recognized face 633d64012e86459eb87e3a543db74e45 (sim=0.969)
2025-09-28 13:45:00,141 [INFO] Recognized face 633d64012e86459eb87e3a543db74e45 (sim=0.979)
2025-09-28 13:45:00,841 [INFO] Recognized face 633d64012e86459eb87e3a543db74e45 (sim=0.978)
2025-09-28 13:45:01,518 [INFO] Recognized face 633d64012e86459eb87e3a543db74e45 (sim=0.972)
2025-09-28 13:45:02,278 [INFO] Recognized face 633d64012e86459eb87e3a543db74e45 (sim=0.613)
2025-09-28 13:45:02,943 [INFO] Recognized face a1fb8a144bda4ea0b1109cf6d88e38d3 (sim=0.812)
2025-09-28 13:45:02,951 [INFO] Face a1fb8a144bda4ea0b1109cf6d88e38d3 entry event saved at logs\entries\2025-09-28\134502_115e463c.jpg
2025-09-28 13:45:03,649 [INFO] Recognized face a1fb8a144bda4ea0b1109cf6d88e38d3 (sim=0.918)
2025-09-28 13:45:04,357 [INFO] Recognized face a1fb8a144bda4ea0b1109cf6d88e38d3 (sim=0.923)
2025-09-28 13:45:05,068 [INFO] Recognized face a1fb8a144bda4ea0b1109cf6d88e38d3 (sim=0.917)
2025-09-28 13:45:05,759 [INFO] Recognized face a1fb8a144bda4ea0b1109cf6d88e38d3 (sim=0.865)
2025-09-28 13:45:05,783 [INFO] Face 633d64012e86459eb87e3a543db74e45 EXIT at frame 85
2025-09-28 13:45:05,791 [INFO] Exit event for 633d64012e86459eb87e3a543db74e45 saved (img: logs\exits\2025-09-28\134505_63236521.jpg)
2025-09-28 13:45:06,492 [INFO] Recognized face a1fb8a144bda4ea0b1109cf6d88e38d3 (sim=0.893)
2025-09-28 13:45:07,197 [INFO] Recognized face a1fb8a144bda4ea0b1109cf6d88e38d3 (sim=0.902)
2025-09-28 13:45:07,871 [INFO] Recognized face a1fb8a144bda4ea0b1109cf6d88e38d3 (sim=0.817)
2025-09-28 13:45:08,581 [INFO] Recognized face a1fb8a144bda4ea0b1109cf6d88e38d3 (sim=0.871)
2025-09-28 13:45:09,263 [INFO] Recognized face a1fb8a144bda4ea0b1109cf6d88e38d3 (sim=0.898)
2025-09-28 13:45:09,980 [INFO] Recognized face a1fb8a144bda4ea0b1109cf6d88e38d3 (sim=0.906)
2025-09-28 13:45:10,670 [INFO] Recognized face a1fb8a144bda4ea0b1109cf6d88e38d3 (sim=0.913)
2025-09-28 13:45:11,385 [INFO] Recognized face a1fb8a144bda4ea0b1109cf6d88e38d3 (sim=0.898)
2025-09-28 13:45:12,117 [INFO] Recognized face a1fb8a144bda4ea0b1109cf6d88e38d3 (sim=0.920)
2025-09-28 13:45:12,850 [INFO] Recognized face a1fb8a144bda4ea0b1109cf6d88e38d3 (sim=0.882)
2025-09-28 13:45:13,602 [INFO] Recognized face 633d64012e86459eb87e3a543db74e45 (sim=0.931)
2025-09-28 13:45:13,610 [INFO] Face 633d64012e86459eb87e3a543db74e45 entry event saved at logs\entries\2025-09-28\134513_83281f22.jpg
2025-09-28 13:45:14,338 [INFO] Recognized face 633d64012e86459eb87e3a543db74e45 (sim=0.914)
2025-09-28 13:45:15,083 [INFO] Recognized face 633d64012e86459eb87e3a543db74e45 (sim=0.965)
2025-09-28 13:45:15,798 [INFO] Recognized face 633d64012e86459eb87e3a543db74e45 (sim=0.912)
2025-09-28 13:45:16,529 [INFO] Recognized face 633d64012e86459eb87e3a543db74e45 (sim=0.938)
2025-09-28 13:45:16,558 [INFO] Face a1fb8a144bda4ea0b1109cf6d88e38d3 EXIT at frame 130
2025-09-28 13:45:16,565 [INFO] Exit event for a1fb8a144bda4ea0b1109cf6d88e38d3 saved (img: logs\exits\2025-09-28\134516_a0c9d26d.jpg)
2025-09-28 13:45:17,276 [INFO] Recognized face 633d64012e86459eb87e3a543db74e45 (sim=0.952)
2025-09-28 13:45:18,021 [INFO] Recognized face 633d64012e86459eb87e3a543db74e45 (sim=0.971)
2025-09-28 13:45:18,767 [INFO] Recognized face 633d64012e86459eb87e3a543db74e45 (sim=0.972)
2025-09-28 13:45:19,505 [INFO] Recognized face 633d64012e86459eb87e3a543db74e45 (sim=0.950)
2025-09-28 13:45:20,243 [INFO] Face 633d64012e86459eb87e3a543db74e45 EXIT at frame 157
2025-09-28 13:45:20,249 [INFO] Exit event for 633d64012e86459eb87e3a543db74e45 saved (img: logs\exits\2025-09-28\134520_4e967111.jpg)
2025-09-28 13:45:26,869 [INFO] Quitting by user request.
